This is pdfTeX, Version 3.1415926-1.40.9 (MiKTeX 2.7) (preloaded format=pdflatex 2008.9.10)  9 DEC 2008 14:53
entering extended mode
**C:/Documents*and*Settings/luzhou/My*Documents/twofunctioncode/SpatialFun/Spat
ialFun.Rnw

("C:/Documents and Settings/luzhou/My Documents/twofunctioncode/SpatialFun/Spat
ialFun.Rnw"
LaTeX2e <2005/12/01>
Babel <v3.8l> and hyphenation patterns for english, dumylang, nohyphenation, ge
rman, ngerman, german-x-2008-06-18, ngerman-x-2008-06-18, french, loaded.
("C:\Program Files\MiKTeX 2.7\tex\latex\base\article.cls"
Document Class: article 2005/09/16 v1.4f Standard LaTeX document class
("C:\Program Files\MiKTeX 2.7\tex\latex\base\size10.clo"
File: size10.clo 2005/09/16 v1.4f Standard LaTeX file (size option)
)
\c@part=\count79
\c@section=\count80
\c@subsection=\count81
\c@subsubsection=\count82
\c@paragraph=\count83
\c@subparagraph=\count84
\c@figure=\count85
\c@table=\count86
\abovecaptionskip=\skip41
\belowcaptionskip=\skip42
\bibindent=\dimen102
)
("C:\Program Files\MiKTeX 2.7\tex\latex\graphics\graphicx.sty"
Package: graphicx 1999/02/16 v1.0f Enhanced LaTeX Graphics (DPC,SPQR)

("C:\Program Files\MiKTeX 2.7\tex\latex\graphics\keyval.sty"
Package: keyval 1999/03/16 v1.13 key=value parser (DPC)
\KV@toks@=\toks14
)
("C:\Program Files\MiKTeX 2.7\tex\latex\graphics\graphics.sty"
Package: graphics 2006/02/20 v1.0o Standard LaTeX Graphics (DPC,SPQR)

("C:\Program Files\MiKTeX 2.7\tex\latex\graphics\trig.sty"
Package: trig 1999/03/16 v1.09 sin cos tan (DPC)
)
("C:\Program Files\MiKTeX 2.7\tex\latex\00miktex\graphics.cfg"
File: graphics.cfg 2007/01/18 v1.5 graphics configuration of teTeX/TeXLive
)
Package graphics Info: Driver file: pdftex.def on input line 90.

("C:\Program Files\MiKTeX 2.7\tex\latex\pdftex-def\pdftex.def"
File: pdftex.def 2008/07/16 v0.04k Graphics/color for pdfTeX
\Gread@gobject=\count87
))
\Gin@req@height=\dimen103
\Gin@req@width=\dimen104
)
(SpatialFun.aux)
LaTeX Font Info:    Checking defaults for OML/cmm/m/it on input line 16.
LaTeX Font Info:    ... okay on input line 16.
LaTeX Font Info:    Checking defaults for T1/cmr/m/n on input line 16.
LaTeX Font Info:    ... okay on input line 16.
LaTeX Font Info:    Checking defaults for OT1/cmr/m/n on input line 16.
LaTeX Font Info:    ... okay on input line 16.
LaTeX Font Info:    Checking defaults for OMS/cmsy/m/n on input line 16.
LaTeX Font Info:    ... okay on input line 16.
LaTeX Font Info:    Checking defaults for OMX/cmex/m/n on input line 16.
LaTeX Font Info:    ... okay on input line 16.
LaTeX Font Info:    Checking defaults for U/cmr/m/n on input line 16.
LaTeX Font Info:    ... okay on input line 16.
 ("C:\Program Files\MiKTeX 2.7\tex\context\base\supp-pdf.tex"
[Loading MPS to PDF converter (version 2006.09.02).]
\scratchcounter=\count88
\scratchdimen=\dimen105
\scratchbox=\box26
\nofMPsegments=\count89
\nofMParguments=\count90
\everyMPshowfont=\toks15
\MPscratchCnt=\count91
\MPscratchDim=\dimen106
\MPnumerator=\count92
\everyMPtoPDFconversion=\toks16
)
LaTeX Font Info:    External font `cmex10' loaded for size
(Font)              <12> on input line 17.
LaTeX Font Info:    External font `cmex10' loaded for size
(Font)              <8> on input line 17.
LaTeX Font Info:    External font `cmex10' loaded for size
(Font)              <6> on input line 17.


LaTeX Warning: No \author given.

LaTeX Font Info:    External font `cmex10' loaded for size
(Font)              <7> on input line 69.
LaTeX Font Info:    External font `cmex10' loaded for size
(Font)              <5> on input line 69.
[1

{C:/Documents and Settings/All Users/Application Data/MiKTeX/2.7/pdftex/config/
pdftex.map}]
LaTeX Font Info:    External font `cmex10' loaded for size
(Font)              <9> on input line 110.
 [2]
Overfull \hbox (73.03027pt too wide) in paragraph at lines 172--172
 []\OT1/cmtt/m/n/12 ''mergeBugsData'' <- function(x, bugsSummary, by.x = NULL, 
newcol="mean", ...)[] 
 []

[3]
Overfull \hbox (17.3167pt too wide) in paragraph at lines 250--259
 [] 
 []


Overfull \hbox (295.03036pt too wide) in paragraph at lines 290--290
[]  \OT1/cmtt/m/n/12 (Intercept)       age70_74       age60_64       age75_79  
     age80_84       age55_59       age85_89       age50_54[] 
 []


Overfull \hbox (295.03036pt too wide) in paragraph at lines 290--290
[]     \OT1/cmtt/m/n/12 -4.72155        0.18543       -0.38010        0.07425  
      0.44084       -0.86524        0.30266       -1.86916[] 
 []


Overfull \hbox (295.03036pt too wide) in paragraph at lines 290--290
[]     \OT1/cmtt/m/n/12 age45_49       age40_44       age35_39       age30_34  
     age25_29       age20_24       age15_19         age5_9[] 
 []


Overfull \hbox (295.03036pt too wide) in paragraph at lines 290--290
[]     \OT1/cmtt/m/n/12 -1.99423       -2.76184       -3.64470       -5.13532  
     -4.74062       -6.79155       -7.14367       -6.99895[] 
 []


Overfull \hbox (295.03036pt too wide) in paragraph at lines 290--290
[]     \OT1/cmtt/m/n/12 age10_14         age0_4           sexF  age70_74:sexF  
age60_64:sexF  age75_79:sexF  age80_84:sexF  age55_59:sexF[] 
 []


Overfull \hbox (295.03036pt too wide) in paragraph at lines 290--290
[]     \OT1/cmtt/m/n/12 -7.16576       -8.02353       -0.31172       -0.17597  
      0.01024       -0.02530       -0.67770             NA[] 
 []


Overfull \hbox (295.03036pt too wide) in paragraph at lines 290--290
[]\OT1/cmtt/m/n/12 age85_89:sexF  age50_54:sexF  age45_49:sexF  age40_44:sexF  
age35_39:sexF  age30_34:sexF  age25_29:sexF  age20_24:sexF[] 
 []


Overfull \hbox (295.03036pt too wide) in paragraph at lines 290--290
[]     \OT1/cmtt/m/n/12 -0.66813        0.42881        0.05375        0.81430  
      0.72865        1.25281       -0.30888        1.01391[] 
 []

[4] [5] (SpatialFun.aux) ) 
Here is how much of TeX's memory you used:
 916 strings out of 95304
 11007 string characters out of 1183032
 71375 words of memory out of 1500000
 4164 multiletter control sequences out of 110000
 8835 words of font info for 32 fonts, out of 1200000 for 2000
 14 hyphenation exceptions out of 8191
 25i,12n,19p,304b,368s stack positions out of 5000i,500n,10000p,200000b,5000s
<C:/Program Files/MiKTeX 2.7/fonts/type1/bluesky/cm/c
mbx12.pfb><C:/Program Files/MiKTeX 2.7/fonts/type1/bluesky/cm/cmmi10.pfb><C:/Pr
ogram Files/MiKTeX 2.7/fonts/type1/bluesky/cm/cmmi12.pfb><C:/Program Files/MiKT
eX 2.7/fonts/type1/bluesky/cm/cmmi8.pfb><C:/Program Files/MiKTeX 2.7/fonts/type
1/bluesky/cm/cmmi9.pfb><C:/Program Files/MiKTeX 2.7/fonts/type1/bluesky/cm/cmr1
0.pfb><C:/Program Files/MiKTeX 2.7/fonts/type1/bluesky/cm/cmr12.pfb><C:/Program
 Files/MiKTeX 2.7/fonts/type1/bluesky/cm/cmr17.pfb><C:/Program Files/MiKTeX 2.7
/fonts/type1/bluesky/cm/cmr8.pfb><C:/Program Files/MiKTeX 2.7/fonts/type1/blues
ky/cm/cmr9.pfb><C:/Program Files/MiKTeX 2.7/fonts/type1/bluesky/cm/cmsy10.pfb><
C:/Program Files/MiKTeX 2.7/fonts/type1/bluesky/cm/cmtt12.pfb><C:/Program Files
/MiKTeX 2.7/fonts/type1/bluesky/cm/cmtt9.pfb>
Output written on SpatialFun.pdf (5 pages, 97443 bytes).
PDF statistics:
 70 PDF objects out of 1000 (max. 8388607)
 0 named destinations out of 1000 (max. 131072)
 1 words of extra memory for PDF output out of 10000 (max. 10000000)

